<?xml version="1.0" encoding="UTF-8"?>
<!-- Generated by org.testng.reporters.JUnitReportReporter -->
<testsuite skipped="0" hostname="LAPTOP-PHDB1SI7" name="Script.allarticletemplate" tests="1" failures="0" timestamp="02 Jan 2019 10:26:32 GMT" time="36.285" errors="0">
  <testcase name="test" time="36.285" classname="Script.allarticletemplate"/>
</testsuite> <!-- Script.allarticletemplate -->
