<?xml version="1.0" encoding="UTF-8"?>
<!-- Generated by org.testng.reporters.JUnitReportReporter -->
<testsuite skipped="0" hostname="LAPTOP-PHDB1SI7" name="Script.ActivityDownloads" tests="1" failures="0" timestamp="02 Jan 2019 13:13:34 GMT" time="29.253" errors="0">
  <testcase name="Test12" time="29.253" classname="Script.ActivityDownloads"/>
</testsuite> <!-- Script.ActivityDownloads -->
