<?xml version="1.0" encoding="UTF-8"?>
<!-- Generated by org.testng.reporters.JUnitReportReporter -->
<testsuite skipped="0" hostname="LAPTOP-PHDB1SI7" name="Script.addarticletemplates" tests="1" failures="0" timestamp="02 Jan 2019 13:13:34 GMT" time="33.461" errors="0">
  <testcase name="test" time="33.461" classname="Script.addarticletemplates"/>
</testsuite> <!-- Script.addarticletemplates -->
